ERROR - 2024-06-27 11:20:44 --> mysqli_sql_exception: Duplicate entry '3302020' for key 'PRIMARY' in C:\xampp\htdocs\websigkab\system\Database\MySQLi\Connection.php:308
Stack trace:
#0 C:\xampp\htdocs\websigkab\system\Database\MySQLi\Connection.php(308): mysqli->query('INSERT INTO `ke...', 0)
#1 C:\xampp\htdocs\websigkab\system\Database\BaseConnection.php(722): CodeIgniter\Database\MySQLi\Connection->execute('INSERT INTO `ke...')
#2 C:\xampp\htdocs\websigkab\system\Database\BaseConnection.php(636): CodeIgniter\Database\BaseConnection->simpleQuery('INSERT INTO `ke...')
#3 C:\xampp\htdocs\websigkab\system\Database\BaseBuilder.php(2325): CodeIgniter\Database\BaseConnection->query('INSERT INTO `ke...', Array, false)
#4 C:\xampp\htdocs\websigkab\system\Model.php(383): CodeIgniter\Database\BaseBuilder->insert()
#5 C:\xampp\htdocs\websigkab\system\BaseModel.php(840): CodeIgniter\Model->doInsert(Array)
#6 C:\xampp\htdocs\websigkab\system\Model.php(791): CodeIgniter\BaseModel->insert(Array, true)
#7 C:\xampp\htdocs\websigkab\app\Controllers\Kecamatan.php(73): CodeIgniter\Model->insert(Array)
#8 C:\xampp\htdocs\websigkab\system\CodeIgniter.php(933): App\Controllers\Kecamatan->simpan()
#9 C:\xampp\htdocs\websigkab\system\CodeIgniter.php(509): CodeIgniter\CodeIgniter->runController(Object(App\Controllers\Kecamatan))
#10 C:\xampp\htdocs\websigkab\system\CodeIgniter.php(355): CodeIgniter\CodeIgniter->handleRequest(NULL, Object(Config\Cache), false)
#11 C:\xampp\htdocs\websigkab\system\Boot.php(312): CodeIgniter\CodeIgniter->run()
#12 C:\xampp\htdocs\websigkab\system\Boot.php(67): CodeIgniter\Boot::runCodeIgniter(Object(CodeIgniter\CodeIgniter))
#13 C:\xampp\htdocs\websigkab\index.php(56): CodeIgniter\Boot::bootWeb(Object(Config\Paths))
#14 {main}
CRITICAL - 2024-06-27 11:20:44 --> CodeIgniter\Database\Exceptions\DatabaseException: Duplicate entry '3302020' for key 'PRIMARY'
[Method: POST, Route: simpankecamatan]
in SYSTEMPATH\Database\BaseConnection.php on line 676.
 1 SYSTEMPATH\Database\BaseBuilder.php(2325): CodeIgniter\Database\BaseConnection->query('INSERT INTO `kecamatan` (`kode_kecamatan`, `id_kabupaten`, `nama_kecamatan`, `jumlah_penduduk`, `luas_wilayah`) VALUES (:kode_kecamatan:, :id_kabupaten:, :nama_kecamatan:, :jumlah_penduduk:, :luas_wilayah:)', [...], false)
 2 SYSTEMPATH\Model.php(383): CodeIgniter\Database\BaseBuilder->insert()
 3 SYSTEMPATH\BaseModel.php(840): CodeIgniter\Model->doInsert([...])
 4 SYSTEMPATH\Model.php(791): CodeIgniter\BaseModel->insert([...], true)
 5 APPPATH\Controllers\Kecamatan.php(73): CodeIgniter\Model->insert([...])
 6 SYSTEMPATH\CodeIgniter.php(933): App\Controllers\Kecamatan->simpan()
 7 SYSTEMPATH\CodeIgniter.php(509): CodeIgniter\CodeIgniter->runController(Object(App\Controllers\Kecamatan))
 8 SYSTEMPATH\CodeIgniter.php(355): CodeIgniter\CodeIgniter->handleRequest(null, Object(Config\Cache), false)
 9 SYSTEMPATH\Boot.php(312): CodeIgniter\CodeIgniter->run()
10 SYSTEMPATH\Boot.php(67): CodeIgniter\Boot::runCodeIgniter(Object(CodeIgniter\CodeIgniter))
11 FCPATH\index.php(56): CodeIgniter\Boot::bootWeb(Object(Config\Paths))
CRITICAL - 2024-06-27 11:20:44 --> [Caused by] CodeIgniter\Database\Exceptions\DatabaseException: Duplicate entry '3302020' for key 'PRIMARY'
in SYSTEMPATH\Database\MySQLi\Connection.php on line 313.
 1 SYSTEMPATH\Database\BaseConnection.php(722): CodeIgniter\Database\MySQLi\Connection->execute('INSERT INTO `kecamatan` (`kode_kecamatan`, `id_kabupaten`, `nama_kecamatan`, `jumlah_penduduk`, `luas_wilayah`) VALUES (\'3302020\', \'1\', \'WANGON\', \'83695\', \'6078\')')
 2 SYSTEMPATH\Database\BaseConnection.php(636): CodeIgniter\Database\BaseConnection->simpleQuery('INSERT INTO `kecamatan` (`kode_kecamatan`, `id_kabupaten`, `nama_kecamatan`, `jumlah_penduduk`, `luas_wilayah`) VALUES (\'3302020\', \'1\', \'WANGON\', \'83695\', \'6078\')')
 3 SYSTEMPATH\Database\BaseBuilder.php(2325): CodeIgniter\Database\BaseConnection->query('INSERT INTO `kecamatan` (`kode_kecamatan`, `id_kabupaten`, `nama_kecamatan`, `jumlah_penduduk`, `luas_wilayah`) VALUES (:kode_kecamatan:, :id_kabupaten:, :nama_kecamatan:, :jumlah_penduduk:, :luas_wilayah:)', [...], false)
 4 SYSTEMPATH\Model.php(383): CodeIgniter\Database\BaseBuilder->insert()
 5 SYSTEMPATH\BaseModel.php(840): CodeIgniter\Model->doInsert([...])
 6 SYSTEMPATH\Model.php(791): CodeIgniter\BaseModel->insert([...], true)
 7 APPPATH\Controllers\Kecamatan.php(73): CodeIgniter\Model->insert([...])
 8 SYSTEMPATH\CodeIgniter.php(933): App\Controllers\Kecamatan->simpan()
 9 SYSTEMPATH\CodeIgniter.php(509): CodeIgniter\CodeIgniter->runController(Object(App\Controllers\Kecamatan))
10 SYSTEMPATH\CodeIgniter.php(355): CodeIgniter\CodeIgniter->handleRequest(null, Object(Config\Cache), false)
11 SYSTEMPATH\Boot.php(312): CodeIgniter\CodeIgniter->run()
12 SYSTEMPATH\Boot.php(67): CodeIgniter\Boot::runCodeIgniter(Object(CodeIgniter\CodeIgniter))
13 FCPATH\index.php(56): CodeIgniter\Boot::bootWeb(Object(Config\Paths))
CRITICAL - 2024-06-27 11:20:44 --> [Caused by] mysqli_sql_exception: Duplicate entry '3302020' for key 'PRIMARY'
in SYSTEMPATH\Database\MySQLi\Connection.php on line 308.
 1 SYSTEMPATH\Database\MySQLi\Connection.php(308): mysqli->query('INSERT INTO `kecamatan` (`kode_kecamatan`, `id_kabupaten`, `nama_kecamatan`, `jumlah_penduduk`, `luas_wilayah`) VALUES (\'3302020\', \'1\', \'WANGON\', \'83695\', \'6078\')', 0)
 2 SYSTEMPATH\Database\BaseConnection.php(722): CodeIgniter\Database\MySQLi\Connection->execute('INSERT INTO `kecamatan` (`kode_kecamatan`, `id_kabupaten`, `nama_kecamatan`, `jumlah_penduduk`, `luas_wilayah`) VALUES (\'3302020\', \'1\', \'WANGON\', \'83695\', \'6078\')')
 3 SYSTEMPATH\Database\BaseConnection.php(636): CodeIgniter\Database\BaseConnection->simpleQuery('INSERT INTO `kecamatan` (`kode_kecamatan`, `id_kabupaten`, `nama_kecamatan`, `jumlah_penduduk`, `luas_wilayah`) VALUES (\'3302020\', \'1\', \'WANGON\', \'83695\', \'6078\')')
 4 SYSTEMPATH\Database\BaseBuilder.php(2325): CodeIgniter\Database\BaseConnection->query('INSERT INTO `kecamatan` (`kode_kecamatan`, `id_kabupaten`, `nama_kecamatan`, `jumlah_penduduk`, `luas_wilayah`) VALUES (:kode_kecamatan:, :id_kabupaten:, :nama_kecamatan:, :jumlah_penduduk:, :luas_wilayah:)', [...], false)
 5 SYSTEMPATH\Model.php(383): CodeIgniter\Database\BaseBuilder->insert()
 6 SYSTEMPATH\BaseModel.php(840): CodeIgniter\Model->doInsert([...])
 7 SYSTEMPATH\Model.php(791): CodeIgniter\BaseModel->insert([...], true)
 8 APPPATH\Controllers\Kecamatan.php(73): CodeIgniter\Model->insert([...])
 9 SYSTEMPATH\CodeIgniter.php(933): App\Controllers\Kecamatan->simpan()
10 SYSTEMPATH\CodeIgniter.php(509): CodeIgniter\CodeIgniter->runController(Object(App\Controllers\Kecamatan))
11 SYSTEMPATH\CodeIgniter.php(355): CodeIgniter\CodeIgniter->handleRequest(null, Object(Config\Cache), false)
12 SYSTEMPATH\Boot.php(312): CodeIgniter\CodeIgniter->run()
13 SYSTEMPATH\Boot.php(67): CodeIgniter\Boot::runCodeIgniter(Object(CodeIgniter\CodeIgniter))
14 FCPATH\index.php(56): CodeIgniter\Boot::bootWeb(Object(Config\Paths))
ERROR - 2024-06-27 11:21:44 --> mysqli_sql_exception: Duplicate entry '3302020' for key 'PRIMARY' in C:\xampp\htdocs\websigkab\system\Database\MySQLi\Connection.php:308
Stack trace:
#0 C:\xampp\htdocs\websigkab\system\Database\MySQLi\Connection.php(308): mysqli->query('INSERT INTO `ke...', 0)
#1 C:\xampp\htdocs\websigkab\system\Database\BaseConnection.php(722): CodeIgniter\Database\MySQLi\Connection->execute('INSERT INTO `ke...')
#2 C:\xampp\htdocs\websigkab\system\Database\BaseConnection.php(636): CodeIgniter\Database\BaseConnection->simpleQuery('INSERT INTO `ke...')
#3 C:\xampp\htdocs\websigkab\system\Database\BaseBuilder.php(2325): CodeIgniter\Database\BaseConnection->query('INSERT INTO `ke...', Array, false)
#4 C:\xampp\htdocs\websigkab\system\Model.php(383): CodeIgniter\Database\BaseBuilder->insert()
#5 C:\xampp\htdocs\websigkab\system\BaseModel.php(840): CodeIgniter\Model->doInsert(Array)
#6 C:\xampp\htdocs\websigkab\system\Model.php(791): CodeIgniter\BaseModel->insert(Array, true)
#7 C:\xampp\htdocs\websigkab\app\Controllers\Kecamatan.php(73): CodeIgniter\Model->insert(Array)
#8 C:\xampp\htdocs\websigkab\system\CodeIgniter.php(933): App\Controllers\Kecamatan->simpan()
#9 C:\xampp\htdocs\websigkab\system\CodeIgniter.php(509): CodeIgniter\CodeIgniter->runController(Object(App\Controllers\Kecamatan))
#10 C:\xampp\htdocs\websigkab\system\CodeIgniter.php(355): CodeIgniter\CodeIgniter->handleRequest(NULL, Object(Config\Cache), false)
#11 C:\xampp\htdocs\websigkab\system\Boot.php(312): CodeIgniter\CodeIgniter->run()
#12 C:\xampp\htdocs\websigkab\system\Boot.php(67): CodeIgniter\Boot::runCodeIgniter(Object(CodeIgniter\CodeIgniter))
#13 C:\xampp\htdocs\websigkab\index.php(56): CodeIgniter\Boot::bootWeb(Object(Config\Paths))
#14 {main}
CRITICAL - 2024-06-27 11:21:44 --> CodeIgniter\Database\Exceptions\DatabaseException: Duplicate entry '3302020' for key 'PRIMARY'
[Method: POST, Route: simpankecamatan]
in SYSTEMPATH\Database\BaseConnection.php on line 676.
 1 SYSTEMPATH\Database\BaseBuilder.php(2325): CodeIgniter\Database\BaseConnection->query('INSERT INTO `kecamatan` (`kode_kecamatan`, `id_kabupaten`, `nama_kecamatan`, `jumlah_penduduk`, `luas_wilayah`) VALUES (:kode_kecamatan:, :id_kabupaten:, :nama_kecamatan:, :jumlah_penduduk:, :luas_wilayah:)', [...], false)
 2 SYSTEMPATH\Model.php(383): CodeIgniter\Database\BaseBuilder->insert()
 3 SYSTEMPATH\BaseModel.php(840): CodeIgniter\Model->doInsert([...])
 4 SYSTEMPATH\Model.php(791): CodeIgniter\BaseModel->insert([...], true)
 5 APPPATH\Controllers\Kecamatan.php(73): CodeIgniter\Model->insert([...])
 6 SYSTEMPATH\CodeIgniter.php(933): App\Controllers\Kecamatan->simpan()
 7 SYSTEMPATH\CodeIgniter.php(509): CodeIgniter\CodeIgniter->runController(Object(App\Controllers\Kecamatan))
 8 SYSTEMPATH\CodeIgniter.php(355): CodeIgniter\CodeIgniter->handleRequest(null, Object(Config\Cache), false)
 9 SYSTEMPATH\Boot.php(312): CodeIgniter\CodeIgniter->run()
10 SYSTEMPATH\Boot.php(67): CodeIgniter\Boot::runCodeIgniter(Object(CodeIgniter\CodeIgniter))
11 FCPATH\index.php(56): CodeIgniter\Boot::bootWeb(Object(Config\Paths))
CRITICAL - 2024-06-27 11:21:44 --> [Caused by] CodeIgniter\Database\Exceptions\DatabaseException: Duplicate entry '3302020' for key 'PRIMARY'
in SYSTEMPATH\Database\MySQLi\Connection.php on line 313.
 1 SYSTEMPATH\Database\BaseConnection.php(722): CodeIgniter\Database\MySQLi\Connection->execute('INSERT INTO `kecamatan` (`kode_kecamatan`, `id_kabupaten`, `nama_kecamatan`, `jumlah_penduduk`, `luas_wilayah`) VALUES (\'3302020\', \'1\', \'WANGON\', \'83695\', \'6078\')')
 2 SYSTEMPATH\Database\BaseConnection.php(636): CodeIgniter\Database\BaseConnection->simpleQuery('INSERT INTO `kecamatan` (`kode_kecamatan`, `id_kabupaten`, `nama_kecamatan`, `jumlah_penduduk`, `luas_wilayah`) VALUES (\'3302020\', \'1\', \'WANGON\', \'83695\', \'6078\')')
 3 SYSTEMPATH\Database\BaseBuilder.php(2325): CodeIgniter\Database\BaseConnection->query('INSERT INTO `kecamatan` (`kode_kecamatan`, `id_kabupaten`, `nama_kecamatan`, `jumlah_penduduk`, `luas_wilayah`) VALUES (:kode_kecamatan:, :id_kabupaten:, :nama_kecamatan:, :jumlah_penduduk:, :luas_wilayah:)', [...], false)
 4 SYSTEMPATH\Model.php(383): CodeIgniter\Database\BaseBuilder->insert()
 5 SYSTEMPATH\BaseModel.php(840): CodeIgniter\Model->doInsert([...])
 6 SYSTEMPATH\Model.php(791): CodeIgniter\BaseModel->insert([...], true)
 7 APPPATH\Controllers\Kecamatan.php(73): CodeIgniter\Model->insert([...])
 8 SYSTEMPATH\CodeIgniter.php(933): App\Controllers\Kecamatan->simpan()
 9 SYSTEMPATH\CodeIgniter.php(509): CodeIgniter\CodeIgniter->runController(Object(App\Controllers\Kecamatan))
10 SYSTEMPATH\CodeIgniter.php(355): CodeIgniter\CodeIgniter->handleRequest(null, Object(Config\Cache), false)
11 SYSTEMPATH\Boot.php(312): CodeIgniter\CodeIgniter->run()
12 SYSTEMPATH\Boot.php(67): CodeIgniter\Boot::runCodeIgniter(Object(CodeIgniter\CodeIgniter))
13 FCPATH\index.php(56): CodeIgniter\Boot::bootWeb(Object(Config\Paths))
CRITICAL - 2024-06-27 11:21:44 --> [Caused by] mysqli_sql_exception: Duplicate entry '3302020' for key 'PRIMARY'
in SYSTEMPATH\Database\MySQLi\Connection.php on line 308.
 1 SYSTEMPATH\Database\MySQLi\Connection.php(308): mysqli->query('INSERT INTO `kecamatan` (`kode_kecamatan`, `id_kabupaten`, `nama_kecamatan`, `jumlah_penduduk`, `luas_wilayah`) VALUES (\'3302020\', \'1\', \'WANGON\', \'83695\', \'6078\')', 0)
 2 SYSTEMPATH\Database\BaseConnection.php(722): CodeIgniter\Database\MySQLi\Connection->execute('INSERT INTO `kecamatan` (`kode_kecamatan`, `id_kabupaten`, `nama_kecamatan`, `jumlah_penduduk`, `luas_wilayah`) VALUES (\'3302020\', \'1\', \'WANGON\', \'83695\', \'6078\')')
 3 SYSTEMPATH\Database\BaseConnection.php(636): CodeIgniter\Database\BaseConnection->simpleQuery('INSERT INTO `kecamatan` (`kode_kecamatan`, `id_kabupaten`, `nama_kecamatan`, `jumlah_penduduk`, `luas_wilayah`) VALUES (\'3302020\', \'1\', \'WANGON\', \'83695\', \'6078\')')
 4 SYSTEMPATH\Database\BaseBuilder.php(2325): CodeIgniter\Database\BaseConnection->query('INSERT INTO `kecamatan` (`kode_kecamatan`, `id_kabupaten`, `nama_kecamatan`, `jumlah_penduduk`, `luas_wilayah`) VALUES (:kode_kecamatan:, :id_kabupaten:, :nama_kecamatan:, :jumlah_penduduk:, :luas_wilayah:)', [...], false)
 5 SYSTEMPATH\Model.php(383): CodeIgniter\Database\BaseBuilder->insert()
 6 SYSTEMPATH\BaseModel.php(840): CodeIgniter\Model->doInsert([...])
 7 SYSTEMPATH\Model.php(791): CodeIgniter\BaseModel->insert([...], true)
 8 APPPATH\Controllers\Kecamatan.php(73): CodeIgniter\Model->insert([...])
 9 SYSTEMPATH\CodeIgniter.php(933): App\Controllers\Kecamatan->simpan()
10 SYSTEMPATH\CodeIgniter.php(509): CodeIgniter\CodeIgniter->runController(Object(App\Controllers\Kecamatan))
11 SYSTEMPATH\CodeIgniter.php(355): CodeIgniter\CodeIgniter->handleRequest(null, Object(Config\Cache), false)
12 SYSTEMPATH\Boot.php(312): CodeIgniter\CodeIgniter->run()
13 SYSTEMPATH\Boot.php(67): CodeIgniter\Boot::runCodeIgniter(Object(CodeIgniter\CodeIgniter))
14 FCPATH\index.php(56): CodeIgniter\Boot::bootWeb(Object(Config\Paths))
ERROR - 2024-06-27 11:23:58 --> mysqli_sql_exception: Cannot add or update a child row: a foreign key constraint fails (`websigkab`.`kecamatan`, CONSTRAINT `kecamatan_ibfk_2` FOREIGN KEY (`id_kabupaten`) REFERENCES `kabupaten` (`id_kabupaten`) ON DELETE CASCADE ON UPDATE CASCADE) in C:\xampp\htdocs\websigkab\system\Database\MySQLi\Connection.php:308
Stack trace:
#0 C:\xampp\htdocs\websigkab\system\Database\MySQLi\Connection.php(308): mysqli->query('INSERT INTO `ke...', 0)
#1 C:\xampp\htdocs\websigkab\system\Database\BaseConnection.php(722): CodeIgniter\Database\MySQLi\Connection->execute('INSERT INTO `ke...')
#2 C:\xampp\htdocs\websigkab\system\Database\BaseConnection.php(636): CodeIgniter\Database\BaseConnection->simpleQuery('INSERT INTO `ke...')
#3 C:\xampp\htdocs\websigkab\system\Database\BaseBuilder.php(2325): CodeIgniter\Database\BaseConnection->query('INSERT INTO `ke...', Array, false)
#4 C:\xampp\htdocs\websigkab\system\Model.php(383): CodeIgniter\Database\BaseBuilder->insert()
#5 C:\xampp\htdocs\websigkab\system\BaseModel.php(840): CodeIgniter\Model->doInsert(Array)
#6 C:\xampp\htdocs\websigkab\system\Model.php(791): CodeIgniter\BaseModel->insert(Array, true)
#7 C:\xampp\htdocs\websigkab\app\Controllers\Kecamatan.php(73): CodeIgniter\Model->insert(Array)
#8 C:\xampp\htdocs\websigkab\system\CodeIgniter.php(933): App\Controllers\Kecamatan->simpan()
#9 C:\xampp\htdocs\websigkab\system\CodeIgniter.php(509): CodeIgniter\CodeIgniter->runController(Object(App\Controllers\Kecamatan))
#10 C:\xampp\htdocs\websigkab\system\CodeIgniter.php(355): CodeIgniter\CodeIgniter->handleRequest(NULL, Object(Config\Cache), false)
#11 C:\xampp\htdocs\websigkab\system\Boot.php(312): CodeIgniter\CodeIgniter->run()
#12 C:\xampp\htdocs\websigkab\system\Boot.php(67): CodeIgniter\Boot::runCodeIgniter(Object(CodeIgniter\CodeIgniter))
#13 C:\xampp\htdocs\websigkab\index.php(56): CodeIgniter\Boot::bootWeb(Object(Config\Paths))
#14 {main}
CRITICAL - 2024-06-27 11:23:58 --> CodeIgniter\Database\Exceptions\DatabaseException: Cannot add or update a child row: a foreign key constraint fails (`websigkab`.`kecamatan`, CONSTRAINT `kecamatan_ibfk_2` FOREIGN KEY (`id_kabupaten`) REFERENCES `kabupaten` (`id_kabupaten`) ON DELETE CASCADE ON UPDATE CASCADE)
[Method: POST, Route: simpankecamatan]
in SYSTEMPATH\Database\BaseConnection.php on line 676.
 1 SYSTEMPATH\Database\BaseBuilder.php(2325): CodeIgniter\Database\BaseConnection->query('INSERT INTO `kecamatan` (`kode_kecamatan`, `id_kabupaten`, `nama_kecamatan`, `jumlah_penduduk`, `luas_wilayah`) VALUES (:kode_kecamatan:, :id_kabupaten:, :nama_kecamatan:, :jumlah_penduduk:, :luas_wilayah:)', [...], false)
 2 SYSTEMPATH\Model.php(383): CodeIgniter\Database\BaseBuilder->insert()
 3 SYSTEMPATH\BaseModel.php(840): CodeIgniter\Model->doInsert([...])
 4 SYSTEMPATH\Model.php(791): CodeIgniter\BaseModel->insert([...], true)
 5 APPPATH\Controllers\Kecamatan.php(73): CodeIgniter\Model->insert([...])
 6 SYSTEMPATH\CodeIgniter.php(933): App\Controllers\Kecamatan->simpan()
 7 SYSTEMPATH\CodeIgniter.php(509): CodeIgniter\CodeIgniter->runController(Object(App\Controllers\Kecamatan))
 8 SYSTEMPATH\CodeIgniter.php(355): CodeIgniter\CodeIgniter->handleRequest(null, Object(Config\Cache), false)
 9 SYSTEMPATH\Boot.php(312): CodeIgniter\CodeIgniter->run()
10 SYSTEMPATH\Boot.php(67): CodeIgniter\Boot::runCodeIgniter(Object(CodeIgniter\CodeIgniter))
11 FCPATH\index.php(56): CodeIgniter\Boot::bootWeb(Object(Config\Paths))
CRITICAL - 2024-06-27 11:23:58 --> [Caused by] CodeIgniter\Database\Exceptions\DatabaseException: Cannot add or update a child row: a foreign key constraint fails (`websigkab`.`kecamatan`, CONSTRAINT `kecamatan_ibfk_2` FOREIGN KEY (`id_kabupaten`) REFERENCES `kabupaten` (`id_kabupaten`) ON DELETE CASCADE ON UPDATE CASCADE)
in SYSTEMPATH\Database\MySQLi\Connection.php on line 313.
 1 SYSTEMPATH\Database\BaseConnection.php(722): CodeIgniter\Database\MySQLi\Connection->execute('INSERT INTO `kecamatan` (`kode_kecamatan`, `id_kabupaten`, `nama_kecamatan`, `jumlah_penduduk`, `luas_wilayah`) VALUES (\'3302050\', \'\', \'KEBASEN\', \'67140\', \'5399\')')
 2 SYSTEMPATH\Database\BaseConnection.php(636): CodeIgniter\Database\BaseConnection->simpleQuery('INSERT INTO `kecamatan` (`kode_kecamatan`, `id_kabupaten`, `nama_kecamatan`, `jumlah_penduduk`, `luas_wilayah`) VALUES (\'3302050\', \'\', \'KEBASEN\', \'67140\', \'5399\')')
 3 SYSTEMPATH\Database\BaseBuilder.php(2325): CodeIgniter\Database\BaseConnection->query('INSERT INTO `kecamatan` (`kode_kecamatan`, `id_kabupaten`, `nama_kecamatan`, `jumlah_penduduk`, `luas_wilayah`) VALUES (:kode_kecamatan:, :id_kabupaten:, :nama_kecamatan:, :jumlah_penduduk:, :luas_wilayah:)', [...], false)
 4 SYSTEMPATH\Model.php(383): CodeIgniter\Database\BaseBuilder->insert()
 5 SYSTEMPATH\BaseModel.php(840): CodeIgniter\Model->doInsert([...])
 6 SYSTEMPATH\Model.php(791): CodeIgniter\BaseModel->insert([...], true)
 7 APPPATH\Controllers\Kecamatan.php(73): CodeIgniter\Model->insert([...])
 8 SYSTEMPATH\CodeIgniter.php(933): App\Controllers\Kecamatan->simpan()
 9 SYSTEMPATH\CodeIgniter.php(509): CodeIgniter\CodeIgniter->runController(Object(App\Controllers\Kecamatan))
10 SYSTEMPATH\CodeIgniter.php(355): CodeIgniter\CodeIgniter->handleRequest(null, Object(Config\Cache), false)
11 SYSTEMPATH\Boot.php(312): CodeIgniter\CodeIgniter->run()
12 SYSTEMPATH\Boot.php(67): CodeIgniter\Boot::runCodeIgniter(Object(CodeIgniter\CodeIgniter))
13 FCPATH\index.php(56): CodeIgniter\Boot::bootWeb(Object(Config\Paths))
CRITICAL - 2024-06-27 11:23:58 --> [Caused by] mysqli_sql_exception: Cannot add or update a child row: a foreign key constraint fails (`websigkab`.`kecamatan`, CONSTRAINT `kecamatan_ibfk_2` FOREIGN KEY (`id_kabupaten`) REFERENCES `kabupaten` (`id_kabupaten`) ON DELETE CASCADE ON UPDATE CASCADE)
in SYSTEMPATH\Database\MySQLi\Connection.php on line 308.
 1 SYSTEMPATH\Database\MySQLi\Connection.php(308): mysqli->query('INSERT INTO `kecamatan` (`kode_kecamatan`, `id_kabupaten`, `nama_kecamatan`, `jumlah_penduduk`, `luas_wilayah`) VALUES (\'3302050\', \'\', \'KEBASEN\', \'67140\', \'5399\')', 0)
 2 SYSTEMPATH\Database\BaseConnection.php(722): CodeIgniter\Database\MySQLi\Connection->execute('INSERT INTO `kecamatan` (`kode_kecamatan`, `id_kabupaten`, `nama_kecamatan`, `jumlah_penduduk`, `luas_wilayah`) VALUES (\'3302050\', \'\', \'KEBASEN\', \'67140\', \'5399\')')
 3 SYSTEMPATH\Database\BaseConnection.php(636): CodeIgniter\Database\BaseConnection->simpleQuery('INSERT INTO `kecamatan` (`kode_kecamatan`, `id_kabupaten`, `nama_kecamatan`, `jumlah_penduduk`, `luas_wilayah`) VALUES (\'3302050\', \'\', \'KEBASEN\', \'67140\', \'5399\')')
 4 SYSTEMPATH\Database\BaseBuilder.php(2325): CodeIgniter\Database\BaseConnection->query('INSERT INTO `kecamatan` (`kode_kecamatan`, `id_kabupaten`, `nama_kecamatan`, `jumlah_penduduk`, `luas_wilayah`) VALUES (:kode_kecamatan:, :id_kabupaten:, :nama_kecamatan:, :jumlah_penduduk:, :luas_wilayah:)', [...], false)
 5 SYSTEMPATH\Model.php(383): CodeIgniter\Database\BaseBuilder->insert()
 6 SYSTEMPATH\BaseModel.php(840): CodeIgniter\Model->doInsert([...])
 7 SYSTEMPATH\Model.php(791): CodeIgniter\BaseModel->insert([...], true)
 8 APPPATH\Controllers\Kecamatan.php(73): CodeIgniter\Model->insert([...])
 9 SYSTEMPATH\CodeIgniter.php(933): App\Controllers\Kecamatan->simpan()
10 SYSTEMPATH\CodeIgniter.php(509): CodeIgniter\CodeIgniter->runController(Object(App\Controllers\Kecamatan))
11 SYSTEMPATH\CodeIgniter.php(355): CodeIgniter\CodeIgniter->handleRequest(null, Object(Config\Cache), false)
12 SYSTEMPATH\Boot.php(312): CodeIgniter\CodeIgniter->run()
13 SYSTEMPATH\Boot.php(67): CodeIgniter\Boot::runCodeIgniter(Object(CodeIgniter\CodeIgniter))
14 FCPATH\index.php(56): CodeIgniter\Boot::bootWeb(Object(Config\Paths))
ERROR - 2024-06-27 11:44:20 --> mysqli_sql_exception: Duplicate entry '3302720' for key 'PRIMARY' in C:\xampp\htdocs\websigkab\system\Database\MySQLi\Connection.php:308
Stack trace:
#0 C:\xampp\htdocs\websigkab\system\Database\MySQLi\Connection.php(308): mysqli->query('INSERT INTO `ke...', 0)
#1 C:\xampp\htdocs\websigkab\system\Database\BaseConnection.php(722): CodeIgniter\Database\MySQLi\Connection->execute('INSERT INTO `ke...')
#2 C:\xampp\htdocs\websigkab\system\Database\BaseConnection.php(636): CodeIgniter\Database\BaseConnection->simpleQuery('INSERT INTO `ke...')
#3 C:\xampp\htdocs\websigkab\system\Database\BaseBuilder.php(2325): CodeIgniter\Database\BaseConnection->query('INSERT INTO `ke...', Array, false)
#4 C:\xampp\htdocs\websigkab\system\Model.php(383): CodeIgniter\Database\BaseBuilder->insert()
#5 C:\xampp\htdocs\websigkab\system\BaseModel.php(840): CodeIgniter\Model->doInsert(Array)
#6 C:\xampp\htdocs\websigkab\system\Model.php(791): CodeIgniter\BaseModel->insert(Array, true)
#7 C:\xampp\htdocs\websigkab\app\Controllers\Kecamatan.php(73): CodeIgniter\Model->insert(Array)
#8 C:\xampp\htdocs\websigkab\system\CodeIgniter.php(933): App\Controllers\Kecamatan->simpan()
#9 C:\xampp\htdocs\websigkab\system\CodeIgniter.php(509): CodeIgniter\CodeIgniter->runController(Object(App\Controllers\Kecamatan))
#10 C:\xampp\htdocs\websigkab\system\CodeIgniter.php(355): CodeIgniter\CodeIgniter->handleRequest(NULL, Object(Config\Cache), false)
#11 C:\xampp\htdocs\websigkab\system\Boot.php(312): CodeIgniter\CodeIgniter->run()
#12 C:\xampp\htdocs\websigkab\system\Boot.php(67): CodeIgniter\Boot::runCodeIgniter(Object(CodeIgniter\CodeIgniter))
#13 C:\xampp\htdocs\websigkab\index.php(56): CodeIgniter\Boot::bootWeb(Object(Config\Paths))
#14 {main}
CRITICAL - 2024-06-27 11:44:20 --> CodeIgniter\Database\Exceptions\DatabaseException: Duplicate entry '3302720' for key 'PRIMARY'
[Method: POST, Route: simpankecamatan]
in SYSTEMPATH\Database\BaseConnection.php on line 676.
 1 SYSTEMPATH\Database\BaseBuilder.php(2325): CodeIgniter\Database\BaseConnection->query('INSERT INTO `kecamatan` (`kode_kecamatan`, `id_kabupaten`, `nama_kecamatan`, `jumlah_penduduk`, `luas_wilayah`) VALUES (:kode_kecamatan:, :id_kabupaten:, :nama_kecamatan:, :jumlah_penduduk:, :luas_wilayah:)', [...], false)
 2 SYSTEMPATH\Model.php(383): CodeIgniter\Database\BaseBuilder->insert()
 3 SYSTEMPATH\BaseModel.php(840): CodeIgniter\Model->doInsert([...])
 4 SYSTEMPATH\Model.php(791): CodeIgniter\BaseModel->insert([...], true)
 5 APPPATH\Controllers\Kecamatan.php(73): CodeIgniter\Model->insert([...])
 6 SYSTEMPATH\CodeIgniter.php(933): App\Controllers\Kecamatan->simpan()
 7 SYSTEMPATH\CodeIgniter.php(509): CodeIgniter\CodeIgniter->runController(Object(App\Controllers\Kecamatan))
 8 SYSTEMPATH\CodeIgniter.php(355): CodeIgniter\CodeIgniter->handleRequest(null, Object(Config\Cache), false)
 9 SYSTEMPATH\Boot.php(312): CodeIgniter\CodeIgniter->run()
10 SYSTEMPATH\Boot.php(67): CodeIgniter\Boot::runCodeIgniter(Object(CodeIgniter\CodeIgniter))
11 FCPATH\index.php(56): CodeIgniter\Boot::bootWeb(Object(Config\Paths))
CRITICAL - 2024-06-27 11:44:20 --> [Caused by] CodeIgniter\Database\Exceptions\DatabaseException: Duplicate entry '3302720' for key 'PRIMARY'
in SYSTEMPATH\Database\MySQLi\Connection.php on line 313.
 1 SYSTEMPATH\Database\BaseConnection.php(722): CodeIgniter\Database\MySQLi\Connection->execute('INSERT INTO `kecamatan` (`kode_kecamatan`, `id_kabupaten`, `nama_kecamatan`, `jumlah_penduduk`, `luas_wilayah`) VALUES (\'3302720\', \'1\', \'PURWOKERTO BARAT\', \'53349\', \'740\')')
 2 SYSTEMPATH\Database\BaseConnection.php(636): CodeIgniter\Database\BaseConnection->simpleQuery('INSERT INTO `kecamatan` (`kode_kecamatan`, `id_kabupaten`, `nama_kecamatan`, `jumlah_penduduk`, `luas_wilayah`) VALUES (\'3302720\', \'1\', \'PURWOKERTO BARAT\', \'53349\', \'740\')')
 3 SYSTEMPATH\Database\BaseBuilder.php(2325): CodeIgniter\Database\BaseConnection->query('INSERT INTO `kecamatan` (`kode_kecamatan`, `id_kabupaten`, `nama_kecamatan`, `jumlah_penduduk`, `luas_wilayah`) VALUES (:kode_kecamatan:, :id_kabupaten:, :nama_kecamatan:, :jumlah_penduduk:, :luas_wilayah:)', [...], false)
 4 SYSTEMPATH\Model.php(383): CodeIgniter\Database\BaseBuilder->insert()
 5 SYSTEMPATH\BaseModel.php(840): CodeIgniter\Model->doInsert([...])
 6 SYSTEMPATH\Model.php(791): CodeIgniter\BaseModel->insert([...], true)
 7 APPPATH\Controllers\Kecamatan.php(73): CodeIgniter\Model->insert([...])
 8 SYSTEMPATH\CodeIgniter.php(933): App\Controllers\Kecamatan->simpan()
 9 SYSTEMPATH\CodeIgniter.php(509): CodeIgniter\CodeIgniter->runController(Object(App\Controllers\Kecamatan))
10 SYSTEMPATH\CodeIgniter.php(355): CodeIgniter\CodeIgniter->handleRequest(null, Object(Config\Cache), false)
11 SYSTEMPATH\Boot.php(312): CodeIgniter\CodeIgniter->run()
12 SYSTEMPATH\Boot.php(67): CodeIgniter\Boot::runCodeIgniter(Object(CodeIgniter\CodeIgniter))
13 FCPATH\index.php(56): CodeIgniter\Boot::bootWeb(Object(Config\Paths))
CRITICAL - 2024-06-27 11:44:20 --> [Caused by] mysqli_sql_exception: Duplicate entry '3302720' for key 'PRIMARY'
in SYSTEMPATH\Database\MySQLi\Connection.php on line 308.
 1 SYSTEMPATH\Database\MySQLi\Connection.php(308): mysqli->query('INSERT INTO `kecamatan` (`kode_kecamatan`, `id_kabupaten`, `nama_kecamatan`, `jumlah_penduduk`, `luas_wilayah`) VALUES (\'3302720\', \'1\', \'PURWOKERTO BARAT\', \'53349\', \'740\')', 0)
 2 SYSTEMPATH\Database\BaseConnection.php(722): CodeIgniter\Database\MySQLi\Connection->execute('INSERT INTO `kecamatan` (`kode_kecamatan`, `id_kabupaten`, `nama_kecamatan`, `jumlah_penduduk`, `luas_wilayah`) VALUES (\'3302720\', \'1\', \'PURWOKERTO BARAT\', \'53349\', \'740\')')
 3 SYSTEMPATH\Database\BaseConnection.php(636): CodeIgniter\Database\BaseConnection->simpleQuery('INSERT INTO `kecamatan` (`kode_kecamatan`, `id_kabupaten`, `nama_kecamatan`, `jumlah_penduduk`, `luas_wilayah`) VALUES (\'3302720\', \'1\', \'PURWOKERTO BARAT\', \'53349\', \'740\')')
 4 SYSTEMPATH\Database\BaseBuilder.php(2325): CodeIgniter\Database\BaseConnection->query('INSERT INTO `kecamatan` (`kode_kecamatan`, `id_kabupaten`, `nama_kecamatan`, `jumlah_penduduk`, `luas_wilayah`) VALUES (:kode_kecamatan:, :id_kabupaten:, :nama_kecamatan:, :jumlah_penduduk:, :luas_wilayah:)', [...], false)
 5 SYSTEMPATH\Model.php(383): CodeIgniter\Database\BaseBuilder->insert()
 6 SYSTEMPATH\BaseModel.php(840): CodeIgniter\Model->doInsert([...])
 7 SYSTEMPATH\Model.php(791): CodeIgniter\BaseModel->insert([...], true)
 8 APPPATH\Controllers\Kecamatan.php(73): CodeIgniter\Model->insert([...])
 9 SYSTEMPATH\CodeIgniter.php(933): App\Controllers\Kecamatan->simpan()
10 SYSTEMPATH\CodeIgniter.php(509): CodeIgniter\CodeIgniter->runController(Object(App\Controllers\Kecamatan))
11 SYSTEMPATH\CodeIgniter.php(355): CodeIgniter\CodeIgniter->handleRequest(null, Object(Config\Cache), false)
12 SYSTEMPATH\Boot.php(312): CodeIgniter\CodeIgniter->run()
13 SYSTEMPATH\Boot.php(67): CodeIgniter\Boot::runCodeIgniter(Object(CodeIgniter\CodeIgniter))
14 FCPATH\index.php(56): CodeIgniter\Boot::bootWeb(Object(Config\Paths))
